<?xml version="1.0" encoding="UTF-8"?>
<!-- Generated by org.testng.reporters.JUnitXMLReporter -->
<testsuite ignored="2" hostname="DESKTOP-GF6M3BB" failures="0" tests="3" name="ChromeTest" time="0.103" errors="0" timestamp="2023-03-07T17:48:03 IST">
  <testcase classname="com.sauceDemo.TestPack.TestBaseClass" name="@BeforeTest setup" time="0.056">
    <failure type="java.lang.IllegalStateException" message="The driver executable is a directory: C:\Users\BTB\Downloads\chromedriver_win32 (1)">
      <![CDATA[java.lang.IllegalStateException: The driver executable is a directory: C:\Users\BTB\Downloads\chromedriver_win32 (1)
at com.google.common.base.Preconditions.checkState(Preconditions.java:585)
at org.openqa.selenium.remote.service.DriverService.checkExecutable(DriverService.java:148)
at org.openqa.selenium.remote.service.DriverService.findExecutable(DriverService.java:141)
at org.openqa.selenium.chrome.ChromeDriverService.access$000(ChromeDriverService.java:35)
at org.openqa.selenium.chrome.ChromeDriverService$Builder.findDefaultExecutable(ChromeDriverService.java:159)
at org.openqa.selenium.remote.service.DriverService$Builder.build(DriverService.java:355)
at org.openqa.selenium.chrome.ChromeDriverService.createDefaultService(ChromeDriverService.java:94)
at org.openqa.selenium.chrome.ChromeDriver.<init>(ChromeDriver.java:123)
at com.sauceDemo.TestPack.TestBaseClass.setup(TestBaseClass.java:30)
... Removed 24 stack frames]]>
    </failure>
  </testcase> <!-- @BeforeTest setup -->
  <testcase classname="com.sauceDemo.TestPack.TestBaseClass" name="@AfterMethod teardown" time="-1.678191483572E9">
    <skipped/>
  </testcase> <!-- @AfterMethod teardown -->
  <testcase classname="com.sauceDemo.TestPack.TestBaseClass" name="@AfterMethod teardown" time="-1.678191483579E9">
    <skipped/>
  </testcase> <!-- @AfterMethod teardown -->
  <testcase classname="com.sauceDemo.TestPack.TestBaseClass" name="@AfterMethod teardown" time="-1.678191483584E9">
    <skipped/>
  </testcase> <!-- @AfterMethod teardown -->
  <testcase classname="com.sauceDemo.TestPack.TC03_VerifyAddtoCartFunctionality" name="VerifyAddtoCartFunctionality" time="0.0">
    <skipped/>
  </testcase> <!-- VerifyAddtoCartFunctionality -->
  <testcase classname="com.sauceDemo.TestPack.TC02_VerifyLogOutFunctionality" name="VerifyLogOutFunctionality" time="0.0">
    <skipped/>
  </testcase> <!-- VerifyLogOutFunctionality -->
  <testcase classname="com.sauceDemo.TestPack.TC01_VerifyLoginFunctionality" name="LoginFunctionality" time="0.0">
    <skipped/>
  </testcase> <!-- LoginFunctionality -->
  <testcase classname="com.sauceDemo.TestPack.TestBaseClass" name="@BeforeTest setup" time="0.0">
    <ignored/>
  </testcase> <!-- @BeforeTest setup -->
  <testcase classname="com.sauceDemo.TestPack.TestBaseClass" name="@BeforeTest setup" time="0.0">
    <ignored/>
  </testcase> <!-- @BeforeTest setup -->
</testsuite> <!-- ChromeTest -->
