<!DOCTYPE html PUBLIC "-//W3C//DTD XHTML 1.1//EN" "https://www.w3.org/TR/xhtml11/DTD/xhtml11.dtd">
<html xmlns="https://www.w3.org/1999/xhtml">
<head>
<meta http-equiv="content-type" content="text/html; charset=UTF-8"/>
<title>TestNG Report</title>
<style type="text/css">table {margin-bottom:10px;border-collapse:collapse;empty-cells:show}th,td {border:1px solid #009;padding:.25em .5em}th {vertical-align:bottom}td {vertical-align:top}table a {font-weight:bold}.stripe td {background-color: #E6EBF9}.num {text-align:right}.passedodd td {background-color: #3F3}.passedeven td {background-color: #0A0}.skippedodd td {background-color: #DDD}.skippedeven td {background-color: #CCC}.failedodd td,.attn {background-color: #F33}.failedeven td,.stripe .attn {background-color: #D00}.stacktrace {white-space:pre;font-family:monospace}.totop {font-size:85%;text-align:center;border-bottom:2px solid #000}.invisible {display:none}</style>
</head>
<body>
<table>
<tr><th>Test</th><th># Passed</th><th># Skipped</th><th># Retried</th><th># Failed</th><th>Time (ms)</th><th>Included Groups</th><th>Excluded Groups</th></tr>
<tr><th colspan="8">Suite</th></tr>
<tr><td><a href="#t0">Test</a></td><td class="num">1</td><td class="num">0</td><td class="num">0</td><td class="num attn">2</td><td class="num">14,026</td><td></td><td></td></tr>
</table>
<table id='summary'><thead><tr><th>Class</th><th>Method</th><th>Start</th><th>Time (ms)</th></tr></thead><tbody><tr><th colspan="4">Suite</th></tr></tbody><tbody id="t0"><tr><th colspan="4">Test &#8212; failed (configuration methods)</th></tr><tr class="failedeven"><td rowspan="1">com.sauceDemo.TestPack.TC01_VerifyLoginFunctionality</td><td><a href="#m0">teardown</a></td><td rowspan="1">1678218536842</td><td rowspan="1">0</td></tr><tr class="failedodd"><td rowspan="1">com.sauceDemo.TestPack.TC02_VerifyLogOutFunctionality</td><td><a href="#m1">teardown</a></td><td rowspan="1">1678218536837</td><td rowspan="1">0</td></tr><tr><th colspan="4">Test &#8212; failed</th></tr><tr class="failedeven"><td rowspan="1">com.sauceDemo.TestPack.TC01_VerifyLoginFunctionality</td><td><a href="#m2">LoginFunctionality</a></td><td rowspan="1">1678218536839</td><td rowspan="1">1</td></tr><tr class="failedodd"><td rowspan="1">com.sauceDemo.TestPack.TC02_VerifyLogOutFunctionality</td><td><a href="#m3">VerifyLogOutFunctionality</a></td><td rowspan="1">1678218536832</td><td rowspan="1">2</td></tr><tr><th colspan="4">Test &#8212; passed</th></tr><tr class="passedeven"><td rowspan="1">com.sauceDemo.TestPack.TC03_VerifyAddtoCartFunctionality</td><td><a href="#m4">VerifyAddtoCartFunctionality</a></td><td rowspan="1">1678218535469</td><td rowspan="1">517</td></tr></tbody>
</table>
<h2>Test</h2><h3 id="m0">com.sauceDemo.TestPack.TC01_VerifyLoginFunctionality#teardown</h3><table class="result"><tr><th>Exception</th></tr><tr><td><div class="stacktrace">java.lang.NullPointerException: Cannot invoke &quot;org.openqa.selenium.WebDriver.close()&quot; because &quot;this.driver&quot; is null
	at com.sauceDemo.TestPack.TestBaseClass.teardown(TestBaseClass.java:81)
	at java.base/java.util.ArrayList.forEach(ArrayList.java:1511)
... Removed 32 stack frames</div></td></tr></table><p class="totop"><a href="#summary">back to summary</a></p>
<h3 id="m1">com.sauceDemo.TestPack.TC02_VerifyLogOutFunctionality#teardown</h3><table class="result"><tr><th>Exception</th></tr><tr><td><div class="stacktrace">java.lang.NullPointerException: Cannot invoke &quot;org.openqa.selenium.WebDriver.close()&quot; because &quot;this.driver&quot; is null
	at com.sauceDemo.TestPack.TestBaseClass.teardown(TestBaseClass.java:81)
	at java.base/java.util.ArrayList.forEach(ArrayList.java:1511)
... Removed 32 stack frames</div></td></tr></table><p class="totop"><a href="#summary">back to summary</a></p>
<h3 id="m2">com.sauceDemo.TestPack.TC01_VerifyLoginFunctionality#LoginFunctionality</h3><table class="result"><tr><th>Exception</th></tr><tr><td><div class="stacktrace">java.lang.NullPointerException: Cannot invoke &quot;org.openqa.selenium.WebDriver.getTitle()&quot; because &quot;this.driver&quot; is null
	at com.sauceDemo.TestPack.TC01_VerifyLoginFunctionality.LoginFunctionality(TC01_VerifyLoginFunctionality.java:14)
	at java.base/java.util.ArrayList.forEach(ArrayList.java:1511)
... Removed 27 stack frames</div></td></tr></table><p class="totop"><a href="#summary">back to summary</a></p>
<h3 id="m3">com.sauceDemo.TestPack.TC02_VerifyLogOutFunctionality#VerifyLogOutFunctionality</h3><table class="result"><tr><th>Exception</th></tr><tr><td><div class="stacktrace">java.lang.NullPointerException: Cannot invoke &quot;org.openqa.selenium.SearchContext.findElement(org.openqa.selenium.By)&quot; because &quot;this.searchContext&quot; is null
	at org.openqa.selenium.support.pagefactory.DefaultElementLocator.findElement(DefaultElementLocator.java:69)
	at org.openqa.selenium.support.pagefactory.internal.LocatingElementHandler.invoke(LocatingElementHandler.java:38)
	at jdk.proxy2/jdk.proxy2.$Proxy14.click(Unknown Source)
	at com.sauceDemo.POMPack.HomePOMClass2.clickSettingbtn(HomePOMClass2.java:24)
	at com.sauceDemo.TestPack.TC02_VerifyLogOutFunctionality.VerifyLogOutFunctionality(TC02_VerifyLogOutFunctionality.java:19)
	at java.base/java.util.ArrayList.forEach(ArrayList.java:1511)
... Removed 27 stack frames</div></td></tr></table><p class="totop"><a href="#summary">back to summary</a></p>
<h3 id="m4">com.sauceDemo.TestPack.TC03_VerifyAddtoCartFunctionality#VerifyAddtoCartFunctionality</h3><table class="result"><tr><th class="invisible"/></tr></table><p class="totop"><a href="#summary">back to summary</a></p>
</body>
</html>
