<?xml version="1.0" encoding="UTF-8"?>
<!-- Generated by org.testng.reporters.JUnitXMLReporter -->
<testsuite ignored="2" hostname="DESKTOP-GF6M3BB" failures="0" tests="3" name="Test" time="0.126" errors="0" timestamp="2023-03-07T17:38:46 IST">
  <testcase classname="com.sauceDemo.TestPack.TestBaseClass" name="@BeforeTest setup" time="0.07">
    <failure type="org.openqa.selenium.WebDriverException" message="Cannot find firefox binary in PATH. Make sure firefox is installed. OS appears to be: WIN10
Build info: version: &amp;apos;3.141.59&amp;apos;, revision: &amp;apos;e82be7d358&amp;apos;, time: &amp;apos;2018-11-14T08:17:03&amp;apos;
System info: host: &amp;apos;DESKTOP-GF6M3BB&amp;apos;, ip: &amp;apos;192.168.163.61&amp;apos;, os.name: &amp;apos;Windows 10&amp;apos;, os.arch: &amp;apos;amd64&amp;apos;, os.version: &amp;apos;10.0&amp;apos;, java.version: &amp;apos;17.0.5&amp;apos;
Driver info: driver.version: FirefoxDriver">
      <![CDATA[org.openqa.selenium.WebDriverException: Cannot find firefox binary in PATH. Make sure firefox is installed. OS appears to be: WIN10
Build info: version: '3.141.59', revision: 'e82be7d358', time: '2018-11-14T08:17:03'
System info: host: 'DESKTOP-GF6M3BB', ip: '192.168.163.61', os.name: 'Windows 10', os.arch: 'amd64', os.version: '10.0', java.version: '17.0.5'
Driver info: driver.version: FirefoxDriver
at org.openqa.selenium.firefox.FirefoxBinary.<init>(FirefoxBinary.java:100)
at java.base/java.util.Optional.orElseGet(Optional.java:364)
at org.openqa.selenium.firefox.FirefoxOptions.getBinary(FirefoxOptions.java:216)
at org.openqa.selenium.firefox.FirefoxDriver.toExecutor(FirefoxDriver.java:187)
at org.openqa.selenium.firefox.FirefoxDriver.<init>(FirefoxDriver.java:147)
at org.openqa.selenium.firefox.FirefoxDriver.<init>(FirefoxDriver.java:125)
at com.sauceDemo.TestPack.TestBaseClass.setup(TestBaseClass.java:37)
... Removed 24 stack frames]]>
    </failure>
  </testcase> <!-- @BeforeTest setup -->
  <testcase classname="com.sauceDemo.TestPack.TestBaseClass" name="@AfterMethod teardown" time="-1.678190926156E9">
    <skipped/>
  </testcase> <!-- @AfterMethod teardown -->
  <testcase classname="com.sauceDemo.TestPack.TestBaseClass" name="@AfterMethod teardown" time="-1.678190926166E9">
    <skipped/>
  </testcase> <!-- @AfterMethod teardown -->
  <testcase classname="com.sauceDemo.TestPack.TestBaseClass" name="@AfterMethod teardown" time="-1.678190926172E9">
    <skipped/>
  </testcase> <!-- @AfterMethod teardown -->
  <testcase classname="com.sauceDemo.TestPack.TC03_VerifyAddtoCartFunctionality" name="VerifyAddtoCartFunctionality" time="0.0">
    <skipped/>
  </testcase> <!-- VerifyAddtoCartFunctionality -->
  <testcase classname="com.sauceDemo.TestPack.TC02_VerifyLogOutFunctionality" name="VerifyLogOutFunctionality" time="0.0">
    <skipped/>
  </testcase> <!-- VerifyLogOutFunctionality -->
  <testcase classname="com.sauceDemo.TestPack.TC01_VerifyLoginFunctionality" name="LoginFunctionality" time="0.0">
    <skipped/>
  </testcase> <!-- LoginFunctionality -->
  <testcase classname="com.sauceDemo.TestPack.TestBaseClass" name="@BeforeTest setup" time="0.0">
    <ignored/>
  </testcase> <!-- @BeforeTest setup -->
  <testcase classname="com.sauceDemo.TestPack.TestBaseClass" name="@BeforeTest setup" time="0.0">
    <ignored/>
  </testcase> <!-- @BeforeTest setup -->
</testsuite> <!-- Test -->
